<?xml version="1.0" encoding="UTF-8"?>
<!-- Generated by org.testng.reporters.JUnitXMLReporter -->
<testsuite ignored="0" hostname="HIPUNL123671" failures="0" tests="1" name="Test" time="0.07" errors="0" timestamp="2023-02-15T11:26:13 IST">
  <testcase classname="testpckg.CrossTest" name="@BeforeTest setup" time="-1.676440573527E9">
    <failure type="org.testng.TestNGException" message="
Parameter &amp;apos;browser&amp;apos; is required by BeforeTest on method setup but has not been marked @Optional or defined
in C:\Users\vrshinde\eclipse-workspace\CrossbrowserTest\testng.xml">
      <![CDATA[org.testng.TestNGException: 
Parameter 'browser' is required by BeforeTest on method setup but has not been marked @Optional or defined
in C:\Users\vrshinde\eclipse-workspace\CrossbrowserTest\testng.xml
... Removed 21 stack frames]]>
    </failure>
  </testcase> <!-- @BeforeTest setup -->
  <testcase classname="testpckg.CrossTest" name="afterTest" time="0.0">
    <skipped/>
  </testcase> <!-- afterTest -->
</testsuite> <!-- Test -->
